<?xml version="1.0" encoding="UTF-8"?>
<testsuite xmlns:xsi="http://www.w3.org/2001/XMLSchema-instance" xsi:noNamespaceSchemaLocation="https://maven.apache.org/surefire/maven-surefire-plugin/xsd/surefire-test-report-3.0.xsd" version="3.0" name="com.gimnasio.gateway.ApiGatewayApplicationTest" time="4.563" tests="1" errors="0" skipped="0" failures="0">
  <properties>
[...]
</properties>
  <testcase name="contextLoads" classname="com.gimnasio.gateway.ApiGatewayApplicationTest" time="0.777">
    <system-out><![CDATA[17:09:10.509 [main] INFO org.springframework.test.context.support.AnnotationConfigContextLoaderUtils -- Could not detect default configuration classes for test class [com.gimnasio.gateway.ApiGatewayApplicationTest]: ApiGatewayApplicationTest does not declare any static, non-private, non-final, nested classes annotated with @Configuration.
17:09:10.618 [main] INFO org.springframework.boot.test.context.SpringBootTestContextBootstrapper -- Found @SpringBootConfiguration com.gimnasio.gateway.ApiGatewayApplication for test class com.gimnasio.gateway.ApiGatewayApplicationTest

  .   ____          _            __ _ _
 /\\ / ___'_ __ _ _(_)_ __  __ _ \ \ \ \
( ( )\___ | '_ | '_| | '_ \/ _` | \ \ \ \
 \\/  ___)| |_)| | | | | || (_| |  ) ) ) )
  '  |____| .__|_| |_|_| |_\__, | / / / /
 =========|_|==============|___/=/_/_/_/

 :: Spring Boot ::                (v3.3.1)

2026-06-12T17:09:11.146-04:00  INFO 17092 --- [api-gateway] [           main] c.g.gateway.ApiGatewayApplicationTest    : Starting ApiGatewayApplicationTest using Java 21.0.11 with PID 17092 (started by Choripanpc666 in C:\Users\Choripanpc666\Downloads\gimnasio-microservicios\api-gateway)
2026-06-12T17:09:11.148-04:00  INFO 17092 --- [api-gateway] [           main] c.g.gateway.ApiGatewayApplicationTest    : No active profile set, falling back to 1 default profile: "default"
2026-06-12T17:09:12.360-04:00  INFO 17092 --- [api-gateway] [           main] o.s.cloud.context.scope.GenericScope     : BeanFactory id=cfd881ba-4383-3d9b-a867-2f1639412907
2026-06-12T17:09:13.393-04:00  INFO 17092 --- [api-gateway] [           main] o.s.c.g.r.RouteDefinitionRouteLocator    : Loaded RoutePredicateFactory [After]
2026-06-12T17:09:13.394-04:00  INFO 17092 --- [api-gateway] [           main] o.s.c.g.r.RouteDefinitionRouteLocator    : Loaded RoutePredicateFactory [Before]
2026-06-12T17:09:13.394-04:00  INFO 17092 --- [api-gateway] [           main] o.s.c.g.r.RouteDefinitionRouteLocator    : Loaded RoutePredicateFactory [Between]
2026-06-12T17:09:13.394-04:00  INFO 17092 --- [api-gateway] [           main] o.s.c.g.r.RouteDefinitionRouteLocator    : Loaded RoutePredicateFactory [Cookie]
2026-06-12T17:09:13.394-04:00  INFO 17092 --- [api-gateway] [           main] o.s.c.g.r.RouteDefinitionRouteLocator    : Loaded RoutePredicateFactory [Header]
2026-06-12T17:09:13.394-04:00  INFO 17092 --- [api-gateway] [           main] o.s.c.g.r.RouteDefinitionRouteLocator    : Loaded RoutePredicateFactory [Host]
2026-06-12T17:09:13.394-04:00  INFO 17092 --- [api-gateway] [           main] o.s.c.g.r.RouteDefinitionRouteLocator    : Loaded RoutePredicateFactory [Method]
2026-06-12T17:09:13.394-04:00  INFO 17092 --- [api-gateway] [           main] o.s.c.g.r.RouteDefinitionRouteLocator    : Loaded RoutePredicateFactory [Path]
2026-06-12T17:09:13.394-04:00  INFO 17092 --- [api-gateway] [           main] o.s.c.g.r.RouteDefinitionRouteLocator    : Loaded RoutePredicateFactory [Query]
2026-06-12T17:09:13.394-04:00  INFO 17092 --- [api-gateway] [           main] o.s.c.g.r.RouteDefinitionRouteLocator    : Loaded RoutePredicateFactory [ReadBody]
2026-06-12T17:09:13.395-04:00  INFO 17092 --- [api-gateway] [           main] o.s.c.g.r.RouteDefinitionRouteLocator    : Loaded RoutePredicateFactory [RemoteAddr]
2026-06-12T17:09:13.395-04:00  INFO 17092 --- [api-gateway] [           main] o.s.c.g.r.RouteDefinitionRouteLocator    : Loaded RoutePredicateFactory [XForwardedRemoteAddr]
2026-06-12T17:09:13.395-04:00  INFO 17092 --- [api-gateway] [           main] o.s.c.g.r.RouteDefinitionRouteLocator    : Loaded RoutePredicateFactory [Weight]
2026-06-12T17:09:13.395-04:00  INFO 17092 --- [api-gateway] [           main] o.s.c.g.r.RouteDefinitionRouteLocator    : Loaded RoutePredicateFactory [CloudFoundryRouteService]
2026-06-12T17:09:13.718-04:00  INFO 17092 --- [api-gateway] [           main] o.s.b.a.e.web.EndpointLinksResolver      : Exposing 1 endpoint beneath base path '/actuator'
2026-06-12T17:09:14.103-04:00  INFO 17092 --- [api-gateway] [           main] c.g.gateway.ApiGatewayApplicationTest    : Started ApiGatewayApplicationTest in 3.344 seconds (process running for 4.349)
]]></system-out>
    <system-err><![CDATA[WARNING: A Java agent has been loaded dynamically (C:\Users\Choripanpc666\.m2\repository\net\bytebuddy\byte-buddy-agent\1.14.17\byte-buddy-agent-1.14.17.jar)
WARNING: If a serviceability tool is in use, please run with -XX:+EnableDynamicAgentLoading to hide this warning
WARNING: If a serviceability tool is not in use, please run with -Djdk.instrument.traceUsage for more information
WARNING: Dynamic loading of agents will be disallowed by default in a future release
]]></system-err>
  </testcase>
</testsuite>